<?xml version="1.0" encoding="UTF-8"?>
<testng-results ignored="2" total="4" passed="1" failed="1" skipped="0">
  <reporter-output>
  </reporter-output>
  <suite started-at="2025-07-07T14:52:12 IST" name="Default suite" finished-at="2025-07-07T14:54:24 IST" duration-ms="132794">
    <groups>
    </groups>
    <test started-at="2025-07-07T14:52:12 IST" name="Default test" finished-at="2025-07-07T14:54:24 IST" duration-ms="132794">
      <class name="com.salesforce.testcases.TC002_CreateIndividuals">
        <test-method is-config="true" signature="startReport()[pri:0, instance:com.salesforce.testcases.TC002_CreateIndividuals@61d6015a]" started-at="2025-07-07T14:52:11 IST" name="startReport" finished-at="2025-07-07T14:52:12 IST" duration-ms="703" status="PASS">
          <reporter-output>
          </reporter-output>
        </test-method> <!-- startReport -->
        <test-method is-config="true" signature="setValues()[pri:0, instance:com.salesforce.testcases.TC002_CreateIndividuals@61d6015a]" started-at="2025-07-07T14:52:12 IST" name="setValues" finished-at="2025-07-07T14:52:12 IST" duration-ms="2" status="PASS">
          <reporter-output>
          </reporter-output>
        </test-method> <!-- setValues -->
        <test-method is-config="true" signature="startTestCase()[pri:0, instance:com.salesforce.testcases.TC002_CreateIndividuals@61d6015a]" started-at="2025-07-07T14:52:12 IST" name="startTestCase" finished-at="2025-07-07T14:52:12 IST" duration-ms="26" status="PASS">
          <reporter-output>
          </reporter-output>
        </test-method> <!-- startTestCase -->
        <test-method is-config="true" signature="preCondition()[pri:0, instance:com.salesforce.testcases.TC002_CreateIndividuals@61d6015a]" started-at="2025-07-07T14:52:14 IST" name="preCondition" finished-at="2025-07-07T14:52:24 IST" duration-ms="10551" status="PASS">
          <reporter-output>
          </reporter-output>
        </test-method> <!-- preCondition -->
        <test-method signature="createNewIndividuals(java.lang.String,java.lang.String,java.lang.String)[pri:0, instance:com.salesforce.testcases.TC002_CreateIndividuals@61d6015a]" started-at="2025-07-07T14:52:24 IST" name="createNewIndividuals" data-provider="fetchData" finished-at="2025-07-07T14:53:08 IST" duration-ms="44025" status="PASS">
          <params>
            <param index="0">
              <value>
                <![CDATA[individuals]]>
              </value>
            </param>
            <param index="1">
              <value>
                <![CDATA[Ram]]>
              </value>
            </param>
            <param index="2">
              <value>
                <![CDATA[Kumar]]>
              </value>
            </param>
          </params>
          <reporter-output>
          </reporter-output>
        </test-method> <!-- createNewIndividuals -->
        <test-method is-config="true" signature="postCondition()[pri:0, instance:com.salesforce.testcases.TC002_CreateIndividuals@61d6015a]" started-at="2025-07-07T14:53:08 IST" name="postCondition" finished-at="2025-07-07T14:53:09 IST" duration-ms="455" status="PASS">
          <reporter-output>
          </reporter-output>
        </test-method> <!-- postCondition -->
        <test-method is-config="true" signature="endResult()[pri:0, instance:com.salesforce.testcases.TC002_CreateIndividuals@61d6015a]" started-at="2025-07-07T14:54:25 IST" name="endResult" finished-at="2025-07-07T14:54:26 IST" duration-ms="1104" status="PASS">
          <reporter-output>
          </reporter-output>
        </test-method> <!-- endResult -->
      </class> <!-- com.salesforce.testcases.TC002_CreateIndividuals -->
      <class name="com.salesforce.testcases.TC003_EditIndividuals">
        <test-method is-config="true" signature="setValues()[pri:0, instance:com.salesforce.testcases.TC003_EditIndividuals@1bb266b3]" started-at="2025-07-07T14:52:12 IST" name="setValues" finished-at="2025-07-07T14:52:12 IST" duration-ms="1" status="PASS">
          <reporter-output>
          </reporter-output>
        </test-method> <!-- setValues -->
        <test-method is-config="true" signature="startTestCase()[pri:0, instance:com.salesforce.testcases.TC003_EditIndividuals@1bb266b3]" started-at="2025-07-07T14:53:09 IST" name="startTestCase" finished-at="2025-07-07T14:53:09 IST" duration-ms="5" status="PASS">
          <reporter-output>
          </reporter-output>
        </test-method> <!-- startTestCase -->
        <test-method is-config="true" signature="preCondition()[pri:0, instance:com.salesforce.testcases.TC003_EditIndividuals@1bb266b3]" started-at="2025-07-07T14:53:09 IST" name="preCondition" finished-at="2025-07-07T14:53:14 IST" duration-ms="4725" status="PASS">
          <reporter-output>
          </reporter-output>
        </test-method> <!-- preCondition -->
        <test-method signature="editIndividuals(java.lang.String,java.lang.String,java.lang.String)[pri:0, instance:com.salesforce.testcases.TC003_EditIndividuals@1bb266b3]" started-at="2025-07-07T14:53:14 IST" name="editIndividuals" data-provider="fetchData" finished-at="2025-07-07T14:54:24 IST" depends-on-methods="com.salesforce.testcases.TC002_CreateIndividuals.createNewIndividuals" duration-ms="69778" status="FAIL">
          <params>
            <param index="0">
              <value>
                <![CDATA[individuals]]>
              </value>
            </param>
            <param index="1">
              <value>
                <![CDATA[Ranjini]]>
              </value>
            </param>
            <param index="2">
              <value>
                <![CDATA[Rajendran]]>
              </value>
            </param>
          </params>
          <exception class="java.lang.RuntimeException">
            <message>
              <![CDATA[See the reporter for details.]]>
            </message>
            <full-stacktrace>
              <![CDATA[java.lang.RuntimeException: See the reporter for details.
at com.framework.utils.Reporter.reportStep(Reporter.java:93)
at com.framework.utils.Reporter.reportStep(Reporter.java:108)
at com.framework.selenium.api.base.SeleniumBase.click(SeleniumBase.java:143)
at com.salesforce.pages.IndividualsPage.selectSalutation(IndividualsPage.java:18)
at com.salesforce.testcases.TC003_EditIndividuals.editIndividuals(TC003_EditIndividuals.java:33)
at java.base/jdk.internal.reflect.DirectMethodHandleAccessor.invoke(DirectMethodHandleAccessor.java:103)
at java.base/java.lang.reflect.Method.invoke(Method.java:580)
at org.testng.internal.invokers.MethodInvocationHelper.invokeMethod(MethodInvocationHelper.java:139)
at org.testng.internal.invokers.TestInvoker.invokeMethod(TestInvoker.java:677)
at org.testng.internal.invokers.TestInvoker.invokeTestMethod(TestInvoker.java:221)
at org.testng.internal.invokers.MethodRunner.runInSequence(MethodRunner.java:50)
at org.testng.internal.invokers.TestInvoker$MethodInvocationAgent.invoke(TestInvoker.java:969)
at org.testng.internal.invokers.TestInvoker.invokeTestMethods(TestInvoker.java:194)
at org.testng.internal.invokers.TestMethodWorker.invokeTestMethods(TestMethodWorker.java:148)
at org.testng.internal.invokers.TestMethodWorker.run(TestMethodWorker.java:128)
at java.base/java.util.ArrayList.forEach(ArrayList.java:1597)
at org.testng.TestRunner.privateRun(TestRunner.java:829)
at org.testng.TestRunner.run(TestRunner.java:602)
at org.testng.SuiteRunner.runTest(SuiteRunner.java:437)
at org.testng.SuiteRunner.runSequentially(SuiteRunner.java:431)
at org.testng.SuiteRunner.privateRun(SuiteRunner.java:391)
at org.testng.SuiteRunner.run(SuiteRunner.java:330)
at org.testng.SuiteRunnerWorker.runSuite(SuiteRunnerWorker.java:52)
at org.testng.SuiteRunnerWorker.run(SuiteRunnerWorker.java:95)
at org.testng.TestNG.runSuitesSequentially(TestNG.java:1256)
at org.testng.TestNG.runSuitesLocally(TestNG.java:1176)
at org.testng.TestNG.runSuites(TestNG.java:1099)
at org.testng.TestNG.run(TestNG.java:1067)
at org.testng.remote.AbstractRemoteTestNG.run(AbstractRemoteTestNG.java:115)
at org.testng.remote.RemoteTestNG.initAndRun(RemoteTestNG.java:293)
at org.testng.remote.RemoteTestNG.main(RemoteTestNG.java:91)
]]>
            </full-stacktrace>
          </exception> <!-- java.lang.RuntimeException -->
          <reporter-output>
          </reporter-output>
        </test-method> <!-- editIndividuals -->
        <test-method is-config="true" signature="postCondition()[pri:0, instance:com.salesforce.testcases.TC003_EditIndividuals@1bb266b3]" started-at="2025-07-07T14:54:24 IST" name="postCondition" finished-at="2025-07-07T14:54:24 IST" duration-ms="539" status="PASS">
          <reporter-output>
          </reporter-output>
        </test-method> <!-- postCondition -->
      </class> <!-- com.salesforce.testcases.TC003_EditIndividuals -->
    </test> <!-- Default test -->
  </suite> <!-- Default suite -->
</testng-results>
